LKRun
atomx/detector/ATMicromegas
atomx/detector/AToMX
atomx/task/ATFastHitReconstruction
source/detector/LKDetector
source/detector/LKDetectorPlane
source/detector/LKEvePlane
source/detector/LKMicromegas
source/detector/LKPolygonPadPlane
source/task/LKElectronicsTask
source/task/LKEveTask
source/task/LKGETChannelViewer
source/task/LKGETConversionTask
source/task/LKHTTrackingTask
source/task/LKNoiseSubtractionTask
source/task/LKPulseExtractionTask
source/task/LKPulseShapeAnalysisTask
source/task/LKTask
stark/detector/ELARK
stark/detector/LKSiliconArray
stark/detector/SKSiArrayPlane
stark/detector/STARK
stark/task/SKAnalysisDK
stark/task/SKAnalysisJW
stark/task/SKAnalysisTA
stark/task/SKDrawCalibratedEventStatisticsTask
stark/task/SKDrawEventStatisticsTask
stark/task/SKDrawWaveformTask
stark/task/SKEnergyRestorationTask
stark/task/SKGatingTask
stark/task/SKPairMatchingTask
stark/task/SKScintillatorFilterTask
stark/task/SKSetSiChannelTask

