LKClassFactory
LKCompiled
LKGear
LKLogger
LKParameter
LKParameterContainer
LKRun
LKTestRun
LKVirtualRun
LKListFileParser
LKMisc
LKNoiseAnalyzer
LKODRFitter
LKPadInteractive
LKPadInteractiveManager
LKRunTimeMeasure
LKSAM
LKWithOption
LKAttenuationCalculator
LKBeamPID
LKBeamPIDControl
LKBinning
LKBinning1
LKCut
LKDataViewer
LKDrawing
LKDrawingGroup
LKPainter
LKGETFrameParser
LKGETRawConverter
LKGETRawFrame
LKHTLineTracker
LKImagePoint
LKParamPointRT
LKChannelAnalyzer
LKChannelSimulator
LKPulse
LKPulseAnalyzer
LKPulseFitParameter
LKGeo2DBox
LKGeoBox
LKGeoBoxStack
LKGeoCircle
LKGeoHelix
LKGeoLine
LKGeoPlane
LKGeoPlaneWithCenter
LKGeoPolygon
LKGeoRotated
LKGeoSphere
LKGeometry
LKVector3
LKDetector
LKDetectorPlane
LKDetectorSystem
LKEvePlane
LKMicromegas
LKPolygonPadPlane
LKContainer
LKEventHeader
LKMCTagged
LKPulseFitData
LKElectronicsTask
LKEveTask
LKGETChannelViewer
LKGETConversionTask
LKHTTrackingTask
LKNoiseSubtractionTask
LKPulseExtractionTask
LKPulseShapeAnalysisTask
LKTask
LKExtrapolatedTrack
LKHelixTrack
LKLinearTrack
LKMCTrack
LKTracklet
GETChannel
GETChannelMapData
GETParameters
LKBufferD
LKBufferI
LKChannel
LKPad
LKSiChannel
LKSiDetector
LKHit
LKHitArray
LKMCStep
LKVertex
LKWPoint
EKRecoHit
EKSiHit
SKRecoHeader
SKSiHit
ELARK
LKSiliconArray
SKSiArrayPlane
STARK
SKAnalysisDK
SKAnalysisJW
SKAnalysisTA
SKDrawCalibratedEventStatisticsTask
SKDrawEventStatisticsTask
SKDrawWaveformTask
SKEnergyRestorationTask
SKGatingTask
SKPairMatchingTask
SKScintillatorFilterTask
SKSetSiChannelTask
LKMTEMerger
LKSiCalibrationHistogramBuilder
LKSiCalibratorC0
LKSiCalibratorC1
LKSiCalibratorC2
LKSiliconMapping
SKEnergyHandler
ATMicromegas
AToMX
ATFastHitReconstruction
