LKAttenuationCalculator
LKBeamPID
LKBeamPIDControl
LKBinning
LKBinning1
LKChannelAnalyzer
LKChannelSimulator
LKCut
LKDataViewer
LKDrawing
LKDrawingGroup
LKGETConverter
LKGETFrameParser
LKGETRawConverter
LKHTLineTracker
LKImagePoint
LKListFileParser
LKMTEMerger
LKMisc
LKNoiseAnalyzer
LKODRFitter
LKPadInteractive
LKPadInteractiveManager
LKPainter
LKParamPointRT
LKPulse
LKPulseAnalyzer
LKPulseFitParameter
LKRunTimeMeasure
LKSAM
LKSiCalibrationHistogramBuilder
LKSiCalibratorC0
LKSiCalibratorC1
LKSiCalibratorC2
LKSiliconMapping
LKWithOption
SKEnergyHandler

